<?xml version="1.0" encoding="UTF-8"?>
<testng-results ignored="0" total="1" passed="1" failed="0" skipped="0">
  <reporter-output>
  </reporter-output>
  <suite started-at="2023-01-20T16:39:15Z" name="Default suite" finished-at="2023-01-20T16:39:27Z" duration-ms="12645">
    <groups>
    </groups>
    <test started-at="2023-01-20T16:39:15Z" name="Default test" finished-at="2023-01-20T16:39:27Z" duration-ms="12645">
      <class name="test.LoginTest">
        <test-method is-config="true" signature="setup()[pri:0, instance:test.LoginTest@72c927f1]" started-at="2023-01-20T22:09:15Z" name="setup" finished-at="2023-01-20T22:09:24Z" duration-ms="9327" status="PASS">
          <reporter-output>
          </reporter-output>
        </test-method> <!-- setup -->
        <test-method signature="testLoginNegative()[pri:0, instance:test.LoginTest@72c927f1]" started-at="2023-01-20T22:09:24Z" name="testLoginNegative" finished-at="2023-01-20T22:09:27Z" duration-ms="3211" status="PASS">
          <reporter-output>
          </reporter-output>
        </test-method> <!-- testLoginNegative -->
        <test-method is-config="true" signature="cleanup()[pri:0, instance:test.LoginTest@72c927f1]" started-at="2023-01-20T22:09:27Z" name="cleanup" finished-at="2023-01-20T22:09:27Z" duration-ms="78" status="PASS">
          <reporter-output>
          </reporter-output>
        </test-method> <!-- cleanup -->
      </class> <!-- test.LoginTest -->
    </test> <!-- Default test -->
  </suite> <!-- Default suite -->
</testng-results>
