<?xml version="1.0" encoding="UTF-8"?>
<testng-results ignored="0" total="2" passed="2" failed="0" skipped="0">
  <reporter-output>
  </reporter-output>
  <suite started-at="2021-12-17T13:55:31Z" name="Default suite" finished-at="2021-12-17T13:55:40Z" duration-ms="9437">
    <groups>
    </groups>
    <test started-at="2021-12-17T13:55:31Z" name="Default test" finished-at="2021-12-17T13:55:40Z" duration-ms="9437">
      <class name="test.LoginTest">
        <test-method is-config="true" signature="setup()[pri:0, instance:test.LoginTest@20f5281c]" started-at="2021-12-17T08:55:31Z" name="setup" finished-at="2021-12-17T08:55:37Z" duration-ms="6444" status="PASS">
          <reporter-output>
          </reporter-output>
        </test-method> <!-- setup -->
        <test-method signature="test1()[pri:0, instance:test.LoginTest@20f5281c]" started-at="2021-12-17T08:55:37Z" name="test1" finished-at="2021-12-17T08:55:37Z" duration-ms="108" status="PASS">
          <reporter-output>
          </reporter-output>
        </test-method> <!-- test1 -->
        <test-method signature="testLoginNegative()[pri:0, instance:test.LoginTest@20f5281c]" started-at="2021-12-17T08:55:37Z" name="testLoginNegative" finished-at="2021-12-17T08:55:40Z" duration-ms="2802" status="PASS">
          <reporter-output>
          </reporter-output>
        </test-method> <!-- testLoginNegative -->
        <test-method is-config="true" signature="cleanup()[pri:0, instance:test.LoginTest@20f5281c]" started-at="2021-12-17T08:55:40Z" name="cleanup" finished-at="2021-12-17T08:55:40Z" duration-ms="58" status="PASS">
          <reporter-output>
          </reporter-output>
        </test-method> <!-- cleanup -->
      </class> <!-- test.LoginTest -->
    </test> <!-- Default test -->
  </suite> <!-- Default suite -->
</testng-results>
